{
  "stats": {
    "suites": 0,
    "tests": 1,
    "passes": 1,
    "pending": 0,
    "failures": 0,
    "start": "2023-06-10T09:24:54.200Z",
    "end": "2023-06-10T09:24:57.006Z",
    "duration": 2806,
    "testsRegistered": 1,
    "passPercent": 100,
    "pendingPercent": 0,
    "other": 0,
    "hasOther": false,
    "skipped": 0,
    "hasSkipped": false
  },
  "results": [
    {
      "uuid": "045e140a-36de-4ce5-84e8-b69fc1fa55d0",
      "title": "",
      "fullFile": "cypress/integration/login.js",
      "file": "cypress/integration/login.js",
      "beforeHooks": [],
      "afterHooks": [],
      "tests": [
        {
          "title": "login trytest",
          "fullTitle": "login trytest",
          "timedOut": null,
          "duration": 1024,
          "state": "passed",
          "speed": "fast",
          "pass": true,
          "fail": false,
          "pending": false,
          "context": null,
          "code": "lp.navigate(\"https://trytestingthis.netlify.app/\");\nlp.enterUserName(\"test\");\nlp.enterPassword(\"test\");\nlp.clickLogin(); //cy.visit(\"https://trytestingthis.netlify.app/\")\n//cy.get('#uname').type(\"test\")\n//cy.get('#pwd').type(\"test\")\n//cy.get('[type=\"submit\"]').click()",
          "err": {},
          "uuid": "231b55c5-e3a0-4f68-85a9-18f771055063",
          "parentUUID": "045e140a-36de-4ce5-84e8-b69fc1fa55d0",
          "isHook": false,
          "skipped": false
        }
      ],
      "suites": [],
      "passes": [
        "231b55c5-e3a0-4f68-85a9-18f771055063"
      ],
      "failures": [],
      "pending": [],
      "skipped": [],
      "duration": 1024,
      "root": true,
      "rootEmpty": false,
      "_timeout": 2000
    }
  ],
  "meta": {
    "mocha": {
      "version": "7.0.1"
    },
    "mochawesome": {
      "options": {
        "quiet": false,
        "reportFilename": "mochawesome",
        "saveHtml": false,
        "saveJson": true,
        "consoleReporter": "spec",
        "useInlineDiffs": false,
        "code": true
      },
      "version": "7.1.3"
    },
    "marge": {
      "options": {
        "charts": true,
        "overwrite": false,
        "html": false,
        "json": true,
        "reportDir": "cypress/reports"
      },
      "version": "6.2.0"
    }
  }
}